<?xml version="1.0" encoding="UTF-8"?>
<coverage generated="1661035247464" clover="3.2.0">
  <project timestamp="1661035247465" name="All files">
    <metrics statements="112" coveredstatements="28" conditionals="16" coveredconditionals="0" methods="21" coveredmethods="4" elements="149" coveredelements="32" complexity="0" loc="112" ncloc="112" packages="3" files="3" classes="3"/>
    <package name="client">
      <metrics statements="15" coveredstatements="3" conditionals="0" coveredconditionals="0" methods="3" coveredmethods="0"/>
      <file name="main.js" path="/Users/lucas/Documents/workspace/UoL-Projects/ASP/nodejs-backend-poc/client/main.js">
        <metrics statements="15" coveredstatements="3" conditionals="0" coveredconditionals="0" methods="3" coveredmethods="0"/>
        <line num="1" count="4" type="stmt"/>
        <line num="3" count="4" type="stmt"/>
        <line num="4" count="0" type="stmt"/>
        <line num="6" count="0" type="stmt"/>
        <line num="7" count="0" type="stmt"/>
        <line num="8" count="0" type="stmt"/>
        <line num="9" count="0" type="stmt"/>
        <line num="10" count="0" type="stmt"/>
        <line num="12" count="0" type="stmt"/>
        <line num="23" count="0" type="stmt"/>
        <line num="25" count="0" type="stmt"/>
        <line num="26" count="0" type="stmt"/>
        <line num="28" count="0" type="stmt"/>
        <line num="29" count="0" type="stmt"/>
        <line num="33" count="4" type="stmt"/>
      </file>
    </package>
    <package name="routes">
      <metrics statements="85" coveredstatements="17" conditionals="16" coveredconditionals="0" methods="14" coveredmethods="3"/>
      <file name="main.js" path="/Users/lucas/Documents/workspace/UoL-Projects/ASP/nodejs-backend-poc/routes/main.js">
        <metrics statements="85" coveredstatements="17" conditionals="16" coveredconditionals="0" methods="14" coveredmethods="3"/>
        <line num="1" count="1" type="stmt"/>
        <line num="3" count="1" type="stmt"/>
        <line num="4" count="1" type="stmt"/>
        <line num="5" count="0" type="stmt"/>
        <line num="8" count="1" type="stmt"/>
        <line num="9" count="0" type="stmt"/>
        <line num="12" count="1" type="stmt"/>
        <line num="14" count="1" type="stmt"/>
        <line num="16" count="1" type="stmt"/>
        <line num="19" count="1" type="stmt"/>
        <line num="20" count="0" type="stmt"/>
        <line num="22" count="0" type="stmt"/>
        <line num="24" count="0" type="stmt"/>
        <line num="26" count="0" type="stmt"/>
        <line num="27" count="0" type="stmt"/>
        <line num="30" count="0" type="stmt"/>
        <line num="32" count="0" type="stmt"/>
        <line num="36" count="1" type="stmt"/>
        <line num="37" count="3" type="stmt"/>
        <line num="38" count="3" type="stmt"/>
        <line num="39" count="3" type="stmt"/>
        <line num="42" count="3" type="stmt"/>
        <line num="44" count="3" type="stmt"/>
        <line num="46" count="3" type="stmt"/>
        <line num="48" count="3" type="stmt"/>
        <line num="51" count="1" type="stmt"/>
        <line num="52" count="0" type="stmt"/>
        <line num="53" count="0" type="stmt"/>
        <line num="54" count="0" type="stmt"/>
        <line num="56" count="0" type="stmt"/>
        <line num="58" count="0" type="stmt"/>
        <line num="59" count="0" type="cond" truecount="0" falsecount="2"/>
        <line num="60" count="0" type="stmt"/>
        <line num="61" count="0" type="stmt"/>
        <line num="63" count="0" type="stmt"/>
        <line num="64" count="0" type="stmt"/>
        <line num="65" count="0" type="stmt"/>
        <line num="66" count="0" type="stmt"/>
        <line num="68" count="0" type="stmt"/>
        <line num="69" count="0" type="stmt"/>
        <line num="77" count="0" type="stmt"/>
        <line num="78" count="0" type="cond" truecount="0" falsecount="2"/>
        <line num="79" count="0" type="stmt"/>
        <line num="80" count="0" type="stmt"/>
        <line num="85" count="0" type="cond" truecount="0" falsecount="2"/>
        <line num="86" count="0" type="stmt"/>
        <line num="88" count="0" type="stmt"/>
        <line num="89" count="0" type="stmt"/>
        <line num="90" count="0" type="stmt"/>
        <line num="94" count="0" type="cond" truecount="0" falsecount="2"/>
        <line num="95" count="0" type="stmt"/>
        <line num="97" count="0" type="stmt"/>
        <line num="98" count="0" type="stmt"/>
        <line num="100" count="0" type="stmt"/>
        <line num="101" count="0" type="stmt"/>
        <line num="102" count="0" type="stmt"/>
        <line num="107" count="0" type="cond" truecount="0" falsecount="2"/>
        <line num="108" count="0" type="stmt"/>
        <line num="110" count="0" type="stmt"/>
        <line num="111" count="0" type="stmt"/>
        <line num="113" count="0" type="stmt"/>
        <line num="114" count="0" type="stmt"/>
        <line num="115" count="0" type="stmt"/>
        <line num="121" count="0" type="cond" truecount="0" falsecount="2"/>
        <line num="122" count="0" type="stmt"/>
        <line num="124" count="0" type="stmt"/>
        <line num="125" count="0" type="cond" truecount="0" falsecount="2"/>
        <line num="126" count="0" type="stmt"/>
        <line num="127" count="0" type="stmt"/>
        <line num="130" count="0" type="stmt"/>
        <line num="131" count="0" type="stmt"/>
        <line num="132" count="0" type="stmt"/>
        <line num="133" count="0" type="stmt"/>
        <line num="135" count="0" type="stmt"/>
        <line num="138" count="0" type="stmt"/>
        <line num="139" count="0" type="stmt"/>
        <line num="140" count="0" type="stmt"/>
        <line num="145" count="0" type="cond" truecount="0" falsecount="2"/>
        <line num="146" count="0" type="stmt"/>
        <line num="148" count="0" type="stmt"/>
        <line num="149" count="0" type="stmt"/>
        <line num="151" count="0" type="stmt"/>
        <line num="152" count="0" type="stmt"/>
        <line num="153" count="0" type="stmt"/>
        <line num="157" count="0" type="stmt"/>
      </file>
    </package>
    <package name="services">
      <metrics statements="12" coveredstatements="8" conditionals="0" coveredconditionals="0" methods="4" coveredmethods="1"/>
      <file name="main.js" path="/Users/lucas/Documents/workspace/UoL-Projects/ASP/nodejs-backend-poc/services/main.js">
        <metrics statements="12" coveredstatements="8" conditionals="0" coveredconditionals="0" methods="4" coveredmethods="1"/>
        <line num="1" count="3" type="stmt"/>
        <line num="2" count="3" type="stmt"/>
        <line num="4" count="3" type="stmt"/>
        <line num="5" count="0" type="stmt"/>
        <line num="7" count="0" type="stmt"/>
        <line num="9" count="0" type="stmt"/>
        <line num="11" count="0" type="stmt"/>
        <line num="14" count="3" type="stmt"/>
        <line num="15" count="5" type="stmt"/>
        <line num="17" count="5" type="stmt"/>
        <line num="19" count="5" type="stmt"/>
        <line num="22" count="3" type="stmt"/>
      </file>
    </package>
  </project>
</coverage>
