{"/Users/lucas/Documents/workspace/UoL-Projects/ASP/nodejs-backend-poc/client/main.js": {"path":"/Users/lucas/Documents/workspace/UoL-Projects/ASP/nodejs-backend-poc/client/main.js","statementMap":{"0":{"start":{"line":1,"column":14},"end":{"line":1,"column":30}},"1":{"start":{"line":3,"column":26},"end":{"line":31,"column":1}},"2":{"start":{"line":4,"column":26},"end":{"line":4,"column":47}},"3":{"start":{"line":6,"column":4},"end":{"line":6,"column":42}},"4":{"start":{"line":7,"column":4},"end":{"line":7,"column":50}},"5":{"start":{"line":8,"column":4},"end":{"line":8,"column":49}},"6":{"start":{"line":9,"column":4},"end":{"line":9,"column":42}},"7":{"start":{"line":10,"column":4},"end":{"line":10,"column":42}},"8":{"start":{"line":12,"column":20},"end":{"line":21,"column":5}},"9":{"start":{"line":23,"column":4},"end":{"line":30,"column":11}},"10":{"start":{"line":25,"column":12},"end":{"line":25,"column":39}},"11":{"start":{"line":26,"column":12},"end":{"line":26,"column":33}},"12":{"start":{"line":28,"column":12},"end":{"line":28,"column":33}},"13":{"start":{"line":29,"column":12},"end":{"line":29,"column":25}},"14":{"start":{"line":33,"column":0},"end":{"line":33,"column":36}}},"fnMap":{"0":{"name":"(anonymous_0)","decl":{"start":{"line":3,"column":26},"end":{"line":3,"column":27}},"loc":{"start":{"line":3,"column":42},"end":{"line":31,"column":1}},"line":3},"1":{"name":"(anonymous_1)","decl":{"start":{"line":24,"column":14},"end":{"line":24,"column":15}},"loc":{"start":{"line":24,"column":34},"end":{"line":27,"column":9}},"line":24},"2":{"name":"(anonymous_2)","decl":{"start":{"line":27,"column":17},"end":{"line":27,"column":18}},"loc":{"start":{"line":27,"column":34},"end":{"line":30,"column":9}},"line":27}},"branchMap":{},"s":{"0":4,"1":4,"2":0,"3":0,"4":0,"5":0,"6":0,"7":0,"8":0,"9":0,"10":0,"11":0,"12":0,"13":0,"14":4},"f":{"0":0,"1":0,"2":0},"b":{},"_coverageSchema":"1a1c01bbd47fc00a2c39e90264f33305004495a9","hash":"d68fbcfbdde889c72e1d5e8186763cf467cc8018"}
,"/Users/lucas/Documents/workspace/UoL-Projects/ASP/nodejs-backend-poc/routes/main.js": {"path":"/Users/lucas/Documents/workspace/UoL-Projects/ASP/nodejs-backend-poc/routes/main.js","statementMap":{"0":{"start":{"line":1,"column":28},"end":{"line":1,"column":55}},"1":{"start":{"line":3,"column":0},"end":{"line":166,"column":1}},"2":{"start":{"line":4,"column":4},"end":{"line":6,"column":7}},"3":{"start":{"line":5,"column":8},"end":{"line":5,"column":33}},"4":{"start":{"line":8,"column":4},"end":{"line":10,"column":7}},"5":{"start":{"line":9,"column":8},"end":{"line":9,"column":33}},"6":{"start":{"line":12,"column":4},"end":{"line":17,"column":7}},"7":{"start":{"line":14,"column":8},"end":{"line":14,"column":30}},"8":{"start":{"line":16,"column":8},"end":{"line":16,"column":34}},"9":{"start":{"line":19,"column":4},"end":{"line":34,"column":7}},"10":{"start":{"line":20,"column":21},"end":{"line":20,"column":41}},"11":{"start":{"line":22,"column":8},"end":{"line":22,"column":52}},"12":{"start":{"line":24,"column":8},"end":{"line":33,"column":15}},"13":{"start":{"line":26,"column":16},"end":{"line":26,"column":81}},"14":{"start":{"line":27,"column":16},"end":{"line":27,"column":48}},"15":{"start":{"line":30,"column":16},"end":{"line":30,"column":46}},"16":{"start":{"line":32,"column":16},"end":{"line":32,"column":34}},"17":{"start":{"line":36,"column":4},"end":{"line":49,"column":7}},"18":{"start":{"line":37,"column":21},"end":{"line":37,"column":38}},"19":{"start":{"line":38,"column":20},"end":{"line":38,"column":36}},"20":{"start":{"line":39,"column":25},"end":{"line":39,"column":46}},"21":{"start":{"line":42,"column":24},"end":{"line":42,"column":44}},"22":{"start":{"line":44,"column":8},"end":{"line":44,"column":134}},"23":{"start":{"line":46,"column":31},"end":{"line":46,"column":96}},"24":{"start":{"line":48,"column":8},"end":{"line":48,"column":79}},"25":{"start":{"line":51,"column":4},"end":{"line":165,"column":7}},"26":{"start":{"line":52,"column":27},"end":{"line":52,"column":48}},"27":{"start":{"line":53,"column":19},"end":{"line":53,"column":32}},"28":{"start":{"line":54,"column":21},"end":{"line":54,"column":36}},"29":{"start":{"line":56,"column":21},"end":{"line":56,"column":50}},"30":{"start":{"line":58,"column":8},"end":{"line":164,"column":11}},"31":{"start":{"line":59,"column":12},"end":{"line":62,"column":13}},"32":{"start":{"line":60,"column":16},"end":{"line":60,"column":35}},"33":{"start":{"line":61,"column":16},"end":{"line":61,"column":23}},"34":{"start":{"line":63,"column":27},"end":{"line":63,"column":52}},"35":{"start":{"line":64,"column":27},"end":{"line":64,"column":74}},"36":{"start":{"line":65,"column":12},"end":{"line":65,"column":50}},"37":{"start":{"line":66,"column":12},"end":{"line":66,"column":50}},"38":{"start":{"line":68,"column":24},"end":{"line":68,"column":34}},"39":{"start":{"line":69,"column":29},"end":{"line":69,"column":44}},"40":{"start":{"line":77,"column":27},"end":{"line":82,"column":14}},"41":{"start":{"line":78,"column":16},"end":{"line":81,"column":17}},"42":{"start":{"line":79,"column":20},"end":{"line":79,"column":39}},"43":{"start":{"line":80,"column":20},"end":{"line":80,"column":27}},"44":{"start":{"line":85,"column":12},"end":{"line":158,"column":13}},"45":{"start":{"line":86,"column":27},"end":{"line":86,"column":46}},"46":{"start":{"line":88,"column":16},"end":{"line":88,"column":110}},"47":{"start":{"line":89,"column":39},"end":{"line":89,"column":104}},"48":{"start":{"line":90,"column":16},"end":{"line":90,"column":78}},"49":{"start":{"line":94,"column":17},"end":{"line":158,"column":13}},"50":{"start":{"line":95,"column":28},"end":{"line":95,"column":48}},"51":{"start":{"line":97,"column":16},"end":{"line":103,"column":19}},"52":{"start":{"line":98,"column":31},"end":{"line":98,"column":40}},"53":{"start":{"line":100,"column":20},"end":{"line":100,"column":114}},"54":{"start":{"line":101,"column":43},"end":{"line":101,"column":108}},"55":{"start":{"line":102,"column":20},"end":{"line":102,"column":82}},"56":{"start":{"line":107,"column":17},"end":{"line":158,"column":13}},"57":{"start":{"line":108,"column":32},"end":{"line":108,"column":50}},"58":{"start":{"line":110,"column":16},"end":{"line":116,"column":19}},"59":{"start":{"line":111,"column":31},"end":{"line":111,"column":43}},"60":{"start":{"line":113,"column":20},"end":{"line":113,"column":114}},"61":{"start":{"line":114,"column":43},"end":{"line":114,"column":108}},"62":{"start":{"line":115,"column":20},"end":{"line":115,"column":82}},"63":{"start":{"line":121,"column":17},"end":{"line":158,"column":13}},"64":{"start":{"line":122,"column":34},"end":{"line":122,"column":55}},"65":{"start":{"line":124,"column":16},"end":{"line":141,"column":19}},"66":{"start":{"line":125,"column":20},"end":{"line":128,"column":21}},"67":{"start":{"line":126,"column":24},"end":{"line":126,"column":43}},"68":{"start":{"line":127,"column":24},"end":{"line":127,"column":31}},"69":{"start":{"line":130,"column":31},"end":{"line":130,"column":33}},"70":{"start":{"line":131,"column":20},"end":{"line":136,"column":21}},"71":{"start":{"line":131,"column":32},"end":{"line":131,"column":33}},"72":{"start":{"line":132,"column":24},"end":{"line":134,"column":25}},"73":{"start":{"line":132,"column":36},"end":{"line":132,"column":37}},"74":{"start":{"line":133,"column":28},"end":{"line":133,"column":68}},"75":{"start":{"line":135,"column":24},"end":{"line":135,"column":36}},"76":{"start":{"line":138,"column":20},"end":{"line":138,"column":114}},"77":{"start":{"line":139,"column":43},"end":{"line":139,"column":108}},"78":{"start":{"line":140,"column":20},"end":{"line":140,"column":82}},"79":{"start":{"line":145,"column":17},"end":{"line":158,"column":13}},"80":{"start":{"line":146,"column":36},"end":{"line":146,"column":59}},"81":{"start":{"line":148,"column":27},"end":{"line":148,"column":44}},"82":{"start":{"line":149,"column":16},"end":{"line":149,"column":34}},"83":{"start":{"line":151,"column":16},"end":{"line":151,"column":110}},"84":{"start":{"line":152,"column":39},"end":{"line":152,"column":104}},"85":{"start":{"line":153,"column":16},"end":{"line":153,"column":78}},"86":{"start":{"line":157,"column":16},"end":{"line":157,"column":63}}},"fnMap":{"0":{"name":"(anonymous_0)","decl":{"start":{"line":3,"column":17},"end":{"line":3,"column":18}},"loc":{"start":{"line":3,"column":32},"end":{"line":166,"column":1}},"line":3},"1":{"name":"(anonymous_1)","decl":{"start":{"line":4,"column":17},"end":{"line":4,"column":18}},"loc":{"start":{"line":4,"column":31},"end":{"line":6,"column":5}},"line":4},"2":{"name":"(anonymous_2)","decl":{"start":{"line":8,"column":22},"end":{"line":8,"column":23}},"loc":{"start":{"line":8,"column":36},"end":{"line":10,"column":5}},"line":8},"3":{"name":"(anonymous_3)","decl":{"start":{"line":12,"column":28},"end":{"line":12,"column":29}},"loc":{"start":{"line":12,"column":42},"end":{"line":17,"column":5}},"line":12},"4":{"name":"(anonymous_4)","decl":{"start":{"line":19,"column":38},"end":{"line":19,"column":39}},"loc":{"start":{"line":19,"column":52},"end":{"line":34,"column":5}},"line":19},"5":{"name":"(anonymous_5)","decl":{"start":{"line":25,"column":18},"end":{"line":25,"column":19}},"loc":{"start":{"line":25,"column":43},"end":{"line":28,"column":13}},"line":25},"6":{"name":"(anonymous_6)","decl":{"start":{"line":29,"column":19},"end":{"line":29,"column":20}},"loc":{"start":{"line":29,"column":28},"end":{"line":33,"column":13}},"line":29},"7":{"name":"(anonymous_7)","decl":{"start":{"line":36,"column":48},"end":{"line":36,"column":49}},"loc":{"start":{"line":36,"column":62},"end":{"line":49,"column":5}},"line":36},"8":{"name":"(anonymous_8)","decl":{"start":{"line":51,"column":54},"end":{"line":51,"column":55}},"loc":{"start":{"line":51,"column":68},"end":{"line":165,"column":5}},"line":51},"9":{"name":"(anonymous_9)","decl":{"start":{"line":58,"column":24},"end":{"line":58,"column":25}},"loc":{"start":{"line":58,"column":52},"end":{"line":164,"column":9}},"line":58},"10":{"name":"(anonymous_10)","decl":{"start":{"line":77,"column":53},"end":{"line":77,"column":54}},"loc":{"start":{"line":77,"column":72},"end":{"line":82,"column":13}},"line":77},"11":{"name":"(anonymous_11)","decl":{"start":{"line":97,"column":35},"end":{"line":97,"column":36}},"loc":{"start":{"line":97,"column":49},"end":{"line":103,"column":17}},"line":97},"12":{"name":"(anonymous_12)","decl":{"start":{"line":110,"column":64},"end":{"line":110,"column":65}},"loc":{"start":{"line":110,"column":80},"end":{"line":116,"column":17}},"line":110},"13":{"name":"(anonymous_13)","decl":{"start":{"line":124,"column":64},"end":{"line":124,"column":65}},"loc":{"start":{"line":124,"column":82},"end":{"line":141,"column":17}},"line":124}},"branchMap":{"0":{"loc":{"start":{"line":59,"column":12},"end":{"line":62,"column":13}},"type":"if","locations":[{"start":{"line":59,"column":12},"end":{"line":62,"column":13}},{"start":{},"end":{}}],"line":59},"1":{"loc":{"start":{"line":78,"column":16},"end":{"line":81,"column":17}},"type":"if","locations":[{"start":{"line":78,"column":16},"end":{"line":81,"column":17}},{"start":{},"end":{}}],"line":78},"2":{"loc":{"start":{"line":85,"column":12},"end":{"line":158,"column":13}},"type":"if","locations":[{"start":{"line":85,"column":12},"end":{"line":158,"column":13}},{"start":{"line":94,"column":17},"end":{"line":158,"column":13}}],"line":85},"3":{"loc":{"start":{"line":94,"column":17},"end":{"line":158,"column":13}},"type":"if","locations":[{"start":{"line":94,"column":17},"end":{"line":158,"column":13}},{"start":{"line":107,"column":17},"end":{"line":158,"column":13}}],"line":94},"4":{"loc":{"start":{"line":107,"column":17},"end":{"line":158,"column":13}},"type":"if","locations":[{"start":{"line":107,"column":17},"end":{"line":158,"column":13}},{"start":{"line":121,"column":17},"end":{"line":158,"column":13}}],"line":107},"5":{"loc":{"start":{"line":121,"column":17},"end":{"line":158,"column":13}},"type":"if","locations":[{"start":{"line":121,"column":17},"end":{"line":158,"column":13}},{"start":{"line":145,"column":17},"end":{"line":158,"column":13}}],"line":121},"6":{"loc":{"start":{"line":125,"column":20},"end":{"line":128,"column":21}},"type":"if","locations":[{"start":{"line":125,"column":20},"end":{"line":128,"column":21}},{"start":{},"end":{}}],"line":125},"7":{"loc":{"start":{"line":145,"column":17},"end":{"line":158,"column":13}},"type":"if","locations":[{"start":{"line":145,"column":17},"end":{"line":158,"column":13}},{"start":{"line":156,"column":16},"end":{"line":158,"column":13}}],"line":145}},"s":{"0":1,"1":1,"2":1,"3":0,"4":1,"5":0,"6":1,"7":1,"8":1,"9":1,"10":0,"11":0,"12":0,"13":0,"14":0,"15":0,"16":0,"17":1,"18":3,"19":3,"20":3,"21":3,"22":3,"23":3,"24":3,"25":1,"26":0,"27":0,"28":0,"29":0,"30":0,"31":0,"32":0,"33":0,"34":0,"35":0,"36":0,"37":0,"38":0,"39":0,"40":0,"41":0,"42":0,"43":0,"44":0,"45":0,"46":0,"47":0,"48":0,"49":0,"50":0,"51":0,"52":0,"53":0,"54":0,"55":0,"56":0,"57":0,"58":0,"59":0,"60":0,"61":0,"62":0,"63":0,"64":0,"65":0,"66":0,"67":0,"68":0,"69":0,"70":0,"71":0,"72":0,"73":0,"74":0,"75":0,"76":0,"77":0,"78":0,"79":0,"80":0,"81":0,"82":0,"83":0,"84":0,"85":0,"86":0},"f":{"0":1,"1":0,"2":0,"3":1,"4":0,"5":0,"6":0,"7":3,"8":0,"9":0,"10":0,"11":0,"12":0,"13":0},"b":{"0":[0,0],"1":[0,0],"2":[0,0],"3":[0,0],"4":[0,0],"5":[0,0],"6":[0,0],"7":[0,0]},"_coverageSchema":"1a1c01bbd47fc00a2c39e90264f33305004495a9","hash":"e1c2a25545360650358f447575c0999d547a0274"}
,"/Users/lucas/Documents/workspace/UoL-Projects/ASP/nodejs-backend-poc/services/main.js": {"path":"/Users/lucas/Documents/workspace/UoL-Projects/ASP/nodejs-backend-poc/services/main.js","statementMap":{"0":{"start":{"line":1,"column":24},"end":{"line":1,"column":52}},"1":{"start":{"line":2,"column":21},"end":{"line":2,"column":41}},"2":{"start":{"line":4,"column":20},"end":{"line":12,"column":1}},"3":{"start":{"line":5,"column":4},"end":{"line":11,"column":96}},"4":{"start":{"line":7,"column":12},"end":{"line":7,"column":64}},"5":{"start":{"line":9,"column":12},"end":{"line":9,"column":34}},"6":{"start":{"line":11,"column":22},"end":{"line":11,"column":94}},"7":{"start":{"line":14,"column":33},"end":{"line":20,"column":1}},"8":{"start":{"line":15,"column":27},"end":{"line":15,"column":84}},"9":{"start":{"line":17,"column":4},"end":{"line":17,"column":66}},"10":{"start":{"line":19,"column":4},"end":{"line":19,"column":26}},"11":{"start":{"line":22,"column":0},"end":{"line":22,"column":57}}},"fnMap":{"0":{"name":"(anonymous_0)","decl":{"start":{"line":4,"column":20},"end":{"line":4,"column":21}},"loc":{"start":{"line":4,"column":36},"end":{"line":12,"column":1}},"line":4},"1":{"name":"(anonymous_1)","decl":{"start":{"line":6,"column":14},"end":{"line":6,"column":15}},"loc":{"start":{"line":6,"column":32},"end":{"line":10,"column":9}},"line":6},"2":{"name":"(anonymous_2)","decl":{"start":{"line":11,"column":15},"end":{"line":11,"column":16}},"loc":{"start":{"line":11,"column":22},"end":{"line":11,"column":94}},"line":11},"3":{"name":"(anonymous_3)","decl":{"start":{"line":14,"column":33},"end":{"line":14,"column":34}},"loc":{"start":{"line":14,"column":64},"end":{"line":20,"column":1}},"line":14}},"branchMap":{},"s":{"0":3,"1":3,"2":3,"3":0,"4":0,"5":0,"6":0,"7":3,"8":5,"9":5,"10":5,"11":3},"f":{"0":0,"1":0,"2":0,"3":5},"b":{},"_coverageSchema":"1a1c01bbd47fc00a2c39e90264f33305004495a9","hash":"e4cb24f73668292ab13ffdbc454b098735f3c939"}
}
