TN:
SF:client/main.js
FN:3,(anonymous_0)
FN:24,(anonymous_1)
FN:27,(anonymous_2)
FNF:3
FNH:0
FNDA:0,(anonymous_0)
FNDA:0,(anonymous_1)
FNDA:0,(anonymous_2)
DA:1,4
DA:3,4
DA:4,0
DA:6,0
DA:7,0
DA:8,0
DA:9,0
DA:10,0
DA:12,0
DA:23,0
DA:25,0
DA:26,0
DA:28,0
DA:29,0
DA:33,4
LF:15
LH:3
BRF:0
BRH:0
end_of_record
TN:
SF:routes/main.js
FN:3,(anonymous_0)
FN:4,(anonymous_1)
FN:8,(anonymous_2)
FN:12,(anonymous_3)
FN:19,(anonymous_4)
FN:25,(anonymous_5)
FN:29,(anonymous_6)
FN:36,(anonymous_7)
FN:51,(anonymous_8)
FN:58,(anonymous_9)
FN:77,(anonymous_10)
FN:97,(anonymous_11)
FN:110,(anonymous_12)
FN:124,(anonymous_13)
FNF:14
FNH:3
FNDA:1,(anonymous_0)
FNDA:0,(anonymous_1)
FNDA:0,(anonymous_2)
FNDA:1,(anonymous_3)
FNDA:0,(anonymous_4)
FNDA:0,(anonymous_5)
FNDA:0,(anonymous_6)
FNDA:3,(anonymous_7)
FNDA:0,(anonymous_8)
FNDA:0,(anonymous_9)
FNDA:0,(anonymous_10)
FNDA:0,(anonymous_11)
FNDA:0,(anonymous_12)
FNDA:0,(anonymous_13)
DA:1,1
DA:3,1
DA:4,1
DA:5,0
DA:8,1
DA:9,0
DA:12,1
DA:14,1
DA:16,1
DA:19,1
DA:20,0
DA:22,0
DA:24,0
DA:26,0
DA:27,0
DA:30,0
DA:32,0
DA:36,1
DA:37,3
DA:38,3
DA:39,3
DA:42,3
DA:44,3
DA:46,3
DA:48,3
DA:51,1
DA:52,0
DA:53,0
DA:54,0
DA:56,0
DA:58,0
DA:59,0
DA:60,0
DA:61,0
DA:63,0
DA:64,0
DA:65,0
DA:66,0
DA:68,0
DA:69,0
DA:77,0
DA:78,0
DA:79,0
DA:80,0
DA:85,0
DA:86,0
DA:88,0
DA:89,0
DA:90,0
DA:94,0
DA:95,0
DA:97,0
DA:98,0
DA:100,0
DA:101,0
DA:102,0
DA:107,0
DA:108,0
DA:110,0
DA:111,0
DA:113,0
DA:114,0
DA:115,0
DA:121,0
DA:122,0
DA:124,0
DA:125,0
DA:126,0
DA:127,0
DA:130,0
DA:131,0
DA:132,0
DA:133,0
DA:135,0
DA:138,0
DA:139,0
DA:140,0
DA:145,0
DA:146,0
DA:148,0
DA:149,0
DA:151,0
DA:152,0
DA:153,0
DA:157,0
LF:85
LH:17
BRDA:59,0,0,0
BRDA:59,0,1,0
BRDA:78,1,0,0
BRDA:78,1,1,0
BRDA:85,2,0,0
BRDA:85,2,1,0
BRDA:94,3,0,0
BRDA:94,3,1,0
BRDA:107,4,0,0
BRDA:107,4,1,0
BRDA:121,5,0,0
BRDA:121,5,1,0
BRDA:125,6,0,0
BRDA:125,6,1,0
BRDA:145,7,0,0
BRDA:145,7,1,0
BRF:16
BRH:0
end_of_record
TN:
SF:services/main.js
FN:4,(anonymous_0)
FN:6,(anonymous_1)
FN:11,(anonymous_2)
FN:14,(anonymous_3)
FNF:4
FNH:1
FNDA:0,(anonymous_0)
FNDA:0,(anonymous_1)
FNDA:0,(anonymous_2)
FNDA:5,(anonymous_3)
DA:1,3
DA:2,3
DA:4,3
DA:5,0
DA:7,0
DA:9,0
DA:11,0
DA:14,3
DA:15,5
DA:17,5
DA:19,5
DA:22,3
LF:12
LH:8
BRF:0
BRH:0
end_of_record
